-------------------------------------------------------------------------------
Test set: com.gisauto.RunnerTest
-------------------------------------------------------------------------------
Tests run: 95, Failures: 0, Errors: 2, Skipped: 4, Time elapsed: 490.372 sec <<< FAILURE! - in com.gisauto.RunnerTest
И пользователь нажимает на кнопку принять ответ на отзыв "тест ответ1"(Сценарий: Отзыв ответ)  Time elapsed: 0.015 sec  <<< ERROR!
java.lang.RuntimeException: Не удалось найти элемент по By.xpath: /html/body/div[1]/div[1]/table/tbody/tr[11]/td[4]
Истекло время ожидания равное 60 сек.
	at com.gisauto.pageObjects.Page.tryFindElement(Page.java:87)
	at com.gisauto.pageObjects.Page.getElement(Page.java:151)
	at com.gisauto.pageObjects.admin.AdminBasePage.getTr(AdminBasePage.java:28)
	at com.gisauto.pageObjects.admin.FeedbackModerationPage.clickOnAcceptFeedbackAnswer(FeedbackModerationPage.java:35)
	at com.gisauto.stepdefs.AdminStepDefs.пользовательНажимаетНаКнопкуПринятьОтветНаОтзыв(AdminStepDefs.java:44)
	at ✽.И пользователь нажимает на кнопку принять ответ на отзыв "тест ответ1"(testFeedback/13-TestFeedback.feature:122)

Сценарий: Отзыв ответ  Time elapsed: 0.015 sec  <<< ERROR!
java.lang.RuntimeException: Не удалось найти элемент по By.xpath: /html/body/div[1]/div[1]/table/tbody/tr[11]/td[4]
Истекло время ожидания равное 60 сек.
	at com.gisauto.pageObjects.Page.tryFindElement(Page.java:87)
	at com.gisauto.pageObjects.Page.getElement(Page.java:151)
	at com.gisauto.pageObjects.admin.AdminBasePage.getTr(AdminBasePage.java:28)
	at com.gisauto.pageObjects.admin.FeedbackModerationPage.clickOnAcceptFeedbackAnswer(FeedbackModerationPage.java:35)
	at com.gisauto.stepdefs.AdminStepDefs.пользовательНажимаетНаКнопкуПринятьОтветНаОтзыв(AdminStepDefs.java:44)
	at ✽.И пользователь нажимает на кнопку принять ответ на отзыв "тест ответ1"(testFeedback/13-TestFeedback.feature:122)

