<?xml version="1.0" encoding="UTF-8"?>
<testsuite name="com.gisauto.RunnerTest" time="2.501" tests="95" errors="2" skipped="4" failures="0">
  <properties>
[...]
</properties>
  <testcase name="Дано пользователь открывает главную страницу" classname="Сценарий: Отзыв добавление" time="0.003"/>
  <testcase name="И пользователь нажимает войти" classname="Сценарий: Отзыв добавление" time="0"/>
  <testcase name="Если пользователь вводит логин пароль &quot;qwedsa12@mail.ru&quot; &quot;gisgis&quot;" classname="Сценарий: Отзыв добавление" time="0"/>
  <testcase name="И пользователь открывает страницу &quot;https://beta.gisauto.ru/poisk-po-nomeru/toyota/1340517010&quot;" classname="Сценарий: Отзыв добавление" time="0"/>
  <testcase name="И пользователь закрывает помощника" classname="Сценарий: Отзыв добавление" time="0"/>
  <testcase name="И пользователь нажимает написать отзыв &quot;qagisauto&quot;" classname="Сценарий: Отзыв добавление" time="0"/>
  <testcase name="И пользователь нажимает добавить отзыв" classname="Сценарий: Отзыв добавление" time="0"/>
  <testcase name="И пользователь вводит текст отзыва" classname="Сценарий: Отзыв добавление" time="0"/>
  <testcase name="И пользователь нажимает поставить оценку" classname="Сценарий: Отзыв добавление" time="0"/>
  <testcase name="И пользователь нажимает отправить" classname="Сценарий: Отзыв добавление" time="0.001"/>
  <testcase name="И пользователь заходит в админку" classname="Сценарий: Отзыв добавление" time="0"/>
  <testcase name="И пользователь нажимает на модерацию отзывов" classname="Сценарий: Отзыв добавление" time="0"/>
  <testcase name="И пользователь нажимает на кнопку принять" classname="Сценарий: Отзыв добавление" time="0"/>
  <testcase name="И пользователь открывает страницу &quot;https://beta.gisauto.ru/poisk-po-nomeru/toyota/1340517010&quot;" classname="Сценарий: Отзыв добавление" time="0"/>
  <testcase name="И пользователь нажимает написать отзыв &quot;qagisauto&quot;" classname="Сценарий: Отзыв добавление" time="0"/>
  <testcase name="То появился отзыв" classname="Сценарий: Отзыв добавление" time="0"/>
  <testcase name="Сценарий: Отзыв добавление" classname="Сценарий: Отзыв добавление" time="0.859"/>
  <testcase name="Дано пользователь открывает главную страницу" classname="Сценарий: Отзыв отклонение" time="0"/>
  <testcase name="И пользователь нажимает войти" classname="Сценарий: Отзыв отклонение" time="0"/>
  <testcase name="Если пользователь вводит логин пароль &quot;qwedsa12@mail.ru&quot; &quot;gisgis&quot;" classname="Сценарий: Отзыв отклонение" time="0"/>
  <testcase name="И пользователь открывает страницу &quot;https://beta.gisauto.ru/poisk-po-nomeru/toyota/1340517010&quot;" classname="Сценарий: Отзыв отклонение" time="0"/>
  <testcase name="И пользователь закрывает помощника" classname="Сценарий: Отзыв отклонение" time="0"/>
  <testcase name="И пользователь нажимает написать отзыв &quot;qagisauto&quot;" classname="Сценарий: Отзыв отклонение" time="0"/>
  <testcase name="И пользователь нажимает добавить отзыв" classname="Сценарий: Отзыв отклонение" time="0"/>
  <testcase name="И пользователь вводит текст отзыва" classname="Сценарий: Отзыв отклонение" time="0"/>
  <testcase name="И пользователь нажимает поставить оценку" classname="Сценарий: Отзыв отклонение" time="0"/>
  <testcase name="И пользователь нажимает отправить" classname="Сценарий: Отзыв отклонение" time="0"/>
  <testcase name="И пользователь заходит в админку" classname="Сценарий: Отзыв отклонение" time="0"/>
  <testcase name="И пользователь нажимает на модерацию отзывов" classname="Сценарий: Отзыв отклонение" time="0"/>
  <testcase name="И пользователь нажимает на кнопку отклонить" classname="Сценарий: Отзыв отклонение" time="0"/>
  <testcase name="И пользователь открывает страницу &quot;https://beta.gisauto.ru/poisk-po-nomeru/toyota/1340517010&quot;" classname="Сценарий: Отзыв отклонение" time="0"/>
  <testcase name="И пользователь нажимает написать отзыв &quot;qagisauto&quot;" classname="Сценарий: Отзыв отклонение" time="0"/>
  <testcase name="То удалился отзыв" classname="Сценарий: Отзыв отклонение" time="0"/>
  <testcase name="Сценарий: Отзыв отклонение" classname="Сценарий: Отзыв отклонение" time="0.806"/>
  <testcase name="Дано пользователь открывает главную страницу" classname="Сценарий: Отзыв жалоба" time="0"/>
  <testcase name="И пользователь нажимает войти" classname="Сценарий: Отзыв жалоба" time="0"/>
  <testcase name="Если пользователь вводит логин пароль &quot;qwedsa12@mail.ru&quot; &quot;gisgis&quot;" classname="Сценарий: Отзыв жалоба" time="0.001"/>
  <testcase name="И пользователь открывает страницу &quot;https://beta.gisauto.ru/poisk-po-nomeru/toyota/1340517010&quot;" classname="Сценарий: Отзыв жалоба" time="0"/>
  <testcase name="И пользователь закрывает помощника" classname="Сценарий: Отзыв жалоба" time="0"/>
  <testcase name="И пользователь нажимает написать отзыв &quot;qagisauto&quot;" classname="Сценарий: Отзыв жалоба" time="0"/>
  <testcase name="И пользователь нажимает добавить отзыв" classname="Сценарий: Отзыв жалоба" time="0"/>
  <testcase name="И пользователь вводит текст отзыва" classname="Сценарий: Отзыв жалоба" time="0"/>
  <testcase name="И пользователь нажимает поставить оценку" classname="Сценарий: Отзыв жалоба" time="0"/>
  <testcase name="И пользователь нажимает отправить" classname="Сценарий: Отзыв жалоба" time="0"/>
  <testcase name="И пользователь заходит в админку" classname="Сценарий: Отзыв жалоба" time="0"/>
  <testcase name="И пользователь нажимает на модерацию отзывов" classname="Сценарий: Отзыв жалоба" time="0"/>
  <testcase name="И пользователь нажимает на кнопку принять" classname="Сценарий: Отзыв жалоба" time="0"/>
  <testcase name="И пользователь открывает главную страницу" classname="Сценарий: Отзыв жалоба" time="0"/>
  <testcase name="И пользователь нажимает на профиль" classname="Сценарий: Отзыв жалоба" time="0"/>
  <testcase name="И пользователь нажимает выход &quot;физ&quot;" classname="Сценарий: Отзыв жалоба" time="0"/>
  <testcase name="И пользователь нажимает войти" classname="Сценарий: Отзыв жалоба" time="0"/>
  <testcase name="И пользователь вводит логин пароль &quot;qagisauto@mail.ru&quot; &quot;qagisauto&quot;" classname="Сценарий: Отзыв жалоба" time="0"/>
  <testcase name="И пользователь нажимает на отзывы" classname="Сценарий: Отзыв жалоба" time="0"/>
  <testcase name="И пользователь нажимает пожаловаться на отзыв" classname="Сценарий: Отзыв жалоба" time="0"/>
  <testcase name="И пользователь нажимает другая причина" classname="Сценарий: Отзыв жалоба" time="0"/>
  <testcase name="И пользователь вводит текст жалобы &quot;Не согласен!&quot;" classname="Сценарий: Отзыв жалоба" time="0"/>
  <testcase name="И пользователь нажимает отправить жалобу" classname="Сценарий: Отзыв жалоба" time="0"/>
  <testcase name="И пользователь заходит в админку" classname="Сценарий: Отзыв жалоба" time="0"/>
  <testcase name="И пользователь нажимает на модерацию отзывов" classname="Сценарий: Отзыв жалоба" time="0"/>
  <testcase name="И пользователь нажимает на кнопку принять жалобу" classname="Сценарий: Отзыв жалоба" time="0"/>
  <testcase name="И пользователь открывает главную страницу" classname="Сценарий: Отзыв жалоба" time="0"/>
  <testcase name="И пользователь открывает страницу &quot;https://beta.gisauto.ru/poisk-po-nomeru/toyota/1340517010&quot;" classname="Сценарий: Отзыв жалоба" time="0"/>
  <testcase name="И пользователь открывает отзывы о магазине" classname="Сценарий: Отзыв жалоба" time="0"/>
  <testcase name="То удалился отзыв" classname="Сценарий: Отзыв жалоба" time="0"/>
  <testcase name="Сценарий: Отзыв жалоба" classname="Сценарий: Отзыв жалоба" time="0.801"/>
  <testcase name="Дано пользователь открывает главную страницу" classname="Сценарий: Отзыв ответ" time="0"/>
  <testcase name="И пользователь нажимает войти" classname="Сценарий: Отзыв ответ" time="0"/>
  <testcase name="Если пользователь вводит логин пароль &quot;qwedsa12@mail.ru&quot; &quot;gisgis&quot;" classname="Сценарий: Отзыв ответ" time="0"/>
  <testcase name="И пользователь открывает страницу &quot;https://beta.gisauto.ru/poisk-po-nomeru/toyota/1340517010&quot;" classname="Сценарий: Отзыв ответ" time="0"/>
  <testcase name="И пользователь закрывает помощника" classname="Сценарий: Отзыв ответ" time="0"/>
  <testcase name="И пользователь нажимает написать отзыв &quot;qagisauto&quot;" classname="Сценарий: Отзыв ответ" time="0"/>
  <testcase name="И пользователь нажимает добавить отзыв" classname="Сценарий: Отзыв ответ" time="0"/>
  <testcase name="И пользователь вводит текст отзыва" classname="Сценарий: Отзыв ответ" time="0"/>
  <testcase name="И пользователь нажимает поставить оценку" classname="Сценарий: Отзыв ответ" time="0"/>
  <testcase name="И пользователь нажимает отправить" classname="Сценарий: Отзыв ответ" time="0"/>
  <testcase name="И пользователь заходит в админку" classname="Сценарий: Отзыв ответ" time="0"/>
  <testcase name="И пользователь нажимает на модерацию отзывов" classname="Сценарий: Отзыв ответ" time="0"/>
  <testcase name="И пользователь нажимает на кнопку принять" classname="Сценарий: Отзыв ответ" time="0"/>
  <testcase name="И пользователь открывает главную страницу" classname="Сценарий: Отзыв ответ" time="0"/>
  <testcase name="И пользователь нажимает на профиль" classname="Сценарий: Отзыв ответ" time="0"/>
  <testcase name="И пользователь нажимает выход &quot;физ&quot;" classname="Сценарий: Отзыв ответ" time="0"/>
  <testcase name="И пользователь нажимает войти" classname="Сценарий: Отзыв ответ" time="0"/>
  <testcase name="И пользователь вводит логин пароль &quot;qagisauto@mail.ru&quot; &quot;qagisauto&quot;" classname="Сценарий: Отзыв ответ" time="0"/>
  <testcase name="И пользователь нажимает на отзывы" classname="Сценарий: Отзыв ответ" time="0"/>
  <testcase name="И пользователь нажимает ответить на отзыв" classname="Сценарий: Отзыв ответ" time="0"/>
  <testcase name="И пользователь вводит текст ответа на отзыв &quot;тест ответ1!&quot;" classname="Сценарий: Отзыв ответ" time="0"/>
  <testcase name="И пользователь нажимает кнопку отправить ответ" classname="Сценарий: Отзыв ответ" time="0"/>
  <testcase name="И пользователь заходит в админку" classname="Сценарий: Отзыв ответ" time="0"/>
  <testcase name="И пользователь нажимает на модерацию отзывов" classname="Сценарий: Отзыв ответ" time="0"/>
  <testcase name="И пользователь нажимает на кнопку принять ответ на отзыв &quot;тест ответ1&quot;" classname="Сценарий: Отзыв ответ" time="0.015">
    <error message="Не удалось найти элемент по By.xpath: /html/body/div[1]/div[1]/table/tbody/tr[11]/td[4]&#10;Истекло время ожидания равное 60 сек." type="java.lang.RuntimeException">java.lang.RuntimeException: Не удалось найти элемент по By.xpath: /html/body/div[1]/div[1]/table/tbody/tr[11]/td[4]
Истекло время ожидания равное 60 сек.
	at com.gisauto.pageObjects.Page.tryFindElement(Page.java:87)
	at com.gisauto.pageObjects.Page.getElement(Page.java:151)
	at com.gisauto.pageObjects.admin.AdminBasePage.getTr(AdminBasePage.java:28)
	at com.gisauto.pageObjects.admin.FeedbackModerationPage.clickOnAcceptFeedbackAnswer(FeedbackModerationPage.java:35)
	at com.gisauto.stepdefs.AdminStepDefs.пользовательНажимаетНаКнопкуПринятьОтветНаОтзыв(AdminStepDefs.java:44)
	at ✽.И пользователь нажимает на кнопку принять ответ на отзыв "тест ответ1"(testFeedback/13-TestFeedback.feature:122)
</error>
  </testcase>
  <testcase name="Сценарий: Отзыв ответ" classname="Сценарий: Отзыв ответ" time="0.015">
    <error message="Не удалось найти элемент по By.xpath: /html/body/div[1]/div[1]/table/tbody/tr[11]/td[4]&#10;Истекло время ожидания равное 60 сек." type="java.lang.RuntimeException">java.lang.RuntimeException: Не удалось найти элемент по By.xpath: /html/body/div[1]/div[1]/table/tbody/tr[11]/td[4]
Истекло время ожидания равное 60 сек.
	at com.gisauto.pageObjects.Page.tryFindElement(Page.java:87)
	at com.gisauto.pageObjects.Page.getElement(Page.java:151)
	at com.gisauto.pageObjects.admin.AdminBasePage.getTr(AdminBasePage.java:28)
	at com.gisauto.pageObjects.admin.FeedbackModerationPage.clickOnAcceptFeedbackAnswer(FeedbackModerationPage.java:35)
	at com.gisauto.stepdefs.AdminStepDefs.пользовательНажимаетНаКнопкуПринятьОтветНаОтзыв(AdminStepDefs.java:44)
	at ✽.И пользователь нажимает на кнопку принять ответ на отзыв "тест ответ1"(testFeedback/13-TestFeedback.feature:122)
</error>
  </testcase>
  <testcase name="И пользователь открывает главную страницу" classname="Сценарий: Отзыв ответ" time="0">
    <skipped/>
  </testcase>
  <testcase name="И пользователь открывает страницу &quot;https://beta.gisauto.ru/poisk-po-nomeru/toyota/1340517010&quot;" classname="Сценарий: Отзыв ответ" time="0">
    <skipped/>
  </testcase>
  <testcase name="И пользователь открывает отзывы о магазине" classname="Сценарий: Отзыв ответ" time="0">
    <skipped/>
  </testcase>
  <testcase name="То появился ответ на отзыв &quot;тест ответ1&quot;" classname="Сценарий: Отзыв ответ" time="0">
    <skipped/>
  </testcase>
</testsuite>