<?xml version="1.0" encoding="UTF-8"?>
<testsuite xmlns:xsi="http://www.w3.org/2001/XMLSchema-instance" xsi:schemaLocation="https://maven.apache.org/surefire/maven-surefire-plugin/xsd/surefire-test-report.xsd" name="com.gisauto.test.FizLicoLongTest" time="10.198" tests="1" errors="1" skipped="0" failures="0">
  <properties>
[...]
</properties>
  <testcase name="process" classname="com.gisauto.test.FizLicoLongTest" time="7.354">
    <error message="This page isn&apos;t homepage." type="java.lang.IllegalStateException">java.lang.IllegalStateException: This page isn't homepage.
	at com.gisauto.test.FizLicoLongTest.prepare(FizLicoLongTest.java:22)
</error>
    <system-err><![CDATA[1513585807193	geckodriver	INFO	geckodriver 0.19.1
1513585807196	geckodriver	INFO	Listening on 127.0.0.1:1958
log4j:WARN No appenders could be found for logger (org.apache.http.client.protocol.RequestAddCookies).
log4j:WARN Please initialize the log4j system properly.
log4j:WARN See http://logging.apache.org/log4j/1.2/faq.html#noconfig for more info.
1513585807729	mozrunner::runner	INFO	Running command: "/usr/lib/firefox/firefox" "-marionette" "-profile" "/tmp/rust_mozprofile.HETLDHHbbtCX"
1513585808127	Marionette	INFO	Enabled via --marionette
1513585809181	Marionette	INFO	Listening on port 44561
1513585809246	Marionette	WARN	TLS certificate errors will be ignored for this session
1513585809295	Marionette	DEBUG	Register listener.js for window 2147483649
дек 18, 2017 3:30:09 PM org.openqa.selenium.remote.ProtocolHandshake createSession
INFO: Detected dialect: W3C
1513585809509	Marionette	DEBUG	Received DOM event "beforeunload" for "about:blank"
1513585809908	Marionette	DEBUG	Received DOM event "pagehide" for "about:blank"
1513585809908	Marionette	DEBUG	Received DOM event "unload" for "about:blank"
1513585810148	Marionette	DEBUG	Received DOM event "DOMContentLoaded" for "https://gisauto.ru/"
1513585813991	Marionette	DEBUG	Received DOM event "pageshow" for "https://gisauto.ru/#"
1513585814591	Marionette	DEBUG	Received DOM event "DOMContentLoaded" for "https://gisauto.ru/catalog"
1513585814598	Marionette	DEBUG	Received observer notification "outer-window-destroyed" for "2147483653"
1513585816293	Marionette	DEBUG	Received DOM event "pageshow" for "https://gisauto.ru/catalog"
]]></system-err>
  </testcase>
</testsuite>